0 info it worked if it ends with ok
1 verbose cli [ 'C:\\Program Files\\nodejs\\node.exe',
1 verbose cli   'C:\\Users\\Zz\\AppData\\Roaming\\npm\\node_modules\\cnpm\\node_modules\\npm\\bin\\npm-cli.js',
1 verbose cli   '--userconfig=C:\\Users\\Zz\\.cnpmrc',
1 verbose cli   '--disturl=https://npm.taobao.org/mirrors/node',
1 verbose cli   '--registry=https://r.npm.taobao.org',
1 verbose cli   'run',
1 verbose cli   'lint' ]
2 info using npm@6.14.8
3 info using node@v10.14.0
4 verbose run-script [ 'prelint', 'lint', 'postlint' ]
5 info lifecycle @~prelint: @
6 info lifecycle @~lint: @
7 verbose lifecycle @~lint: unsafe-perm in lifecycle true
8 verbose lifecycle @~lint: PATH: C:\Users\Zz\AppData\Roaming\npm\node_modules\cnpm\node_modules\npm\node_modules\npm-lifecycle\node-gyp-bin;E:\workspace\yujahuampass\kylin-demo\node_modules\.bin;E:\cmder_mini\vendor\bin;E:\cmder_mini\vendor\conemu-maximus5\ConEmu\Scripts;E:\cmder_mini\vendor\conemu-maximus5;E:\cmder_mini\vendor\conemu-maximus5\ConEmu;C:\Windows\system32;C:\Windows;C:\Windows\System32\Wbem;C:\Windows\System32\WindowsPowerShell\v1.0\;C:\Windows\System32\OpenSSH\;C:\Program Files\Git\cmd;C:\Program Files\nodejs\;C:\Program Files\TortoiseSVN\bin;C:\Users\Zz\AppData\Local\Microsoft\WindowsApps;C:\Users\Zz\AppData\Local\Programs\Microsoft VS Code\bin;C:\Users\Zz\AppData\Roaming\npm;C:\Program Files\Git\mingw64\bin;C:\Program Files\Git\usr\bin;E:\cmder_mini
9 verbose lifecycle @~lint: CWD: E:\workspace\yujahuampass\kylin-demo
10 silly lifecycle @~lint: Args: [ '/d /s /c', 'eslint ./src/ --ext js --ext vue' ]
11 silly lifecycle @~lint: Returned: code: 1  signal: null
12 info lifecycle @~lint: Failed to exec lint script
13 verbose stack Error: @ lint: `eslint ./src/ --ext js --ext vue`
13 verbose stack Exit status 1
13 verbose stack     at EventEmitter.<anonymous> (C:\Users\Zz\AppData\Roaming\npm\node_modules\cnpm\node_modules\npm\node_modules\npm-lifecycle\index.js:332:16)
13 verbose stack     at EventEmitter.emit (events.js:182:13)
13 verbose stack     at ChildProcess.<anonymous> (C:\Users\Zz\AppData\Roaming\npm\node_modules\cnpm\node_modules\npm\node_modules\npm-lifecycle\lib\spawn.js:55:14)
13 verbose stack     at ChildProcess.emit (events.js:182:13)
13 verbose stack     at maybeClose (internal/child_process.js:962:16)
13 verbose stack     at Process.ChildProcess._handle.onexit (internal/child_process.js:251:5)
14 verbose pkgid @
15 verbose cwd E:\workspace\yujahuampass\kylin-demo
16 verbose Windows_NT 10.0.18363
17 verbose argv "C:\\Program Files\\nodejs\\node.exe" "C:\\Users\\Zz\\AppData\\Roaming\\npm\\node_modules\\cnpm\\node_modules\\npm\\bin\\npm-cli.js" "--userconfig=C:\\Users\\Zz\\.cnpmrc" "--disturl=https://npm.taobao.org/mirrors/node" "--registry=https://r.npm.taobao.org" "run" "lint"
18 verbose node v10.14.0
19 verbose npm  v6.14.8
20 error code ELIFECYCLE
21 error errno 1
22 error @ lint: `eslint ./src/ --ext js --ext vue`
22 error Exit status 1
23 error Failed at the @ lint script.
23 error This is probably not a problem with npm. There is likely additional logging output above.
24 verbose exit [ 1, true ]
